<?xml version="1.0" encoding="UTF-8"?>
<testsuite xmlns:xsi="http://www.w3.org/2001/XMLSchema-instance" xsi:noNamespaceSchemaLocation="https://maven.apache.org/surefire/maven-surefire-plugin/xsd/surefire-test-report-3.0.xsd" version="3.0" name="com.osipalli.template.services.system.OsipalliTemplateServicesSystemApplicationTests" time="0.829" tests="1" errors="0" skipped="0" failures="0">
  <properties>
    <property name="java.specification.version" value="17"/>
    <property name="sun.jnu.encoding" value="UTF-8"/>
    <property name="java.class.path" value="/Users/premkamalosipalli/IdeaProjects/prem-kamal-osipalli-api/osipalli-template-services/osipalli-template-services-system/target/test-classes:/Users/premkamalosipalli/IdeaProjects/prem-kamal-osipalli-api/osipalli-template-services/osipalli-template-services-system/target/classes:/Users/premkamalosipalli/.m2/repository/org/springframework/boot/spring-boot-starter/3.3.5/spring-boot-starter-3.3.5.jar:/Users/premkamalosipalli/.m2/repository/org/springframework/boot/spring-boot/3.3.5/spring-boot-3.3.5.jar:/Users/premkamalosipalli/.m2/repository/org/springframework/spring-context/6.1.14/spring-context-6.1.14.jar:/Users/premkamalosipalli/.m2/repository/org/springframework/spring-aop/6.1.14/spring-aop-6.1.14.jar:/Users/premkamalosipalli/.m2/repository/org/springframework/spring-beans/6.1.14/spring-beans-6.1.14.jar:/Users/premkamalosipalli/.m2/repository/org/springframework/spring-expression/6.1.14/spring-expression-6.1.14.jar:/Users/premkamalosipalli/.m2/repository/io/micrometer/micrometer-observation/1.13.6/micrometer-observation-1.13.6.jar:/Users/premkamalosipalli/.m2/repository/io/micrometer/micrometer-commons/1.13.6/micrometer-commons-1.13.6.jar:/Users/premkamalosipalli/.m2/repository/org/springframework/boot/spring-boot-autoconfigure/3.3.5/spring-boot-autoconfigure-3.3.5.jar:/Users/premkamalosipalli/.m2/repository/org/springframework/boot/spring-boot-starter-logging/3.3.5/spring-boot-starter-logging-3.3.5.jar:/Users/premkamalosipalli/.m2/repository/ch/qos/logback/logback-classic/1.5.11/logback-classic-1.5.11.jar:/Users/premkamalosipalli/.m2/repository/ch/qos/logback/logback-core/1.5.11/logback-core-1.5.11.jar:/Users/premkamalosipalli/.m2/repository/org/apache/logging/log4j/log4j-to-slf4j/2.23.1/log4j-to-slf4j-2.23.1.jar:/Users/premkamalosipalli/.m2/repository/org/apache/logging/log4j/log4j-api/2.23.1/log4j-api-2.23.1.jar:/Users/premkamalosipalli/.m2/repository/org/slf4j/jul-to-slf4j/2.0.16/jul-to-slf4j-2.0.16.jar:/Users/premkamalosipalli/.m2/repository/jakarta/annotation/jakarta.annotation-api/2.1.1/jakarta.annotation-api-2.1.1.jar:/Users/premkamalosipalli/.m2/repository/org/springframework/spring-core/6.1.14/spring-core-6.1.14.jar:/Users/premkamalosipalli/.m2/repository/org/springframework/spring-jcl/6.1.14/spring-jcl-6.1.14.jar:/Users/premkamalosipalli/.m2/repository/org/yaml/snakeyaml/2.2/snakeyaml-2.2.jar:/Users/premkamalosipalli/.m2/repository/org/springframework/boot/spring-boot-starter-test/3.3.5/spring-boot-starter-test-3.3.5.jar:/Users/premkamalosipalli/.m2/repository/org/springframework/boot/spring-boot-test/3.3.5/spring-boot-test-3.3.5.jar:/Users/premkamalosipalli/.m2/repository/org/springframework/boot/spring-boot-test-autoconfigure/3.3.5/spring-boot-test-autoconfigure-3.3.5.jar:/Users/premkamalosipalli/.m2/repository/com/jayway/jsonpath/json-path/2.9.0/json-path-2.9.0.jar:/Users/premkamalosipalli/.m2/repository/org/slf4j/slf4j-api/2.0.16/slf4j-api-2.0.16.jar:/Users/premkamalosipalli/.m2/repository/jakarta/xml/bind/jakarta.xml.bind-api/4.0.2/jakarta.xml.bind-api-4.0.2.jar:/Users/premkamalosipalli/.m2/repository/jakarta/activation/jakarta.activation-api/2.1.3/jakarta.activation-api-2.1.3.jar:/Users/premkamalosipalli/.m2/repository/net/minidev/json-smart/2.5.1/json-smart-2.5.1.jar:/Users/premkamalosipalli/.m2/repository/net/minidev/accessors-smart/2.5.1/accessors-smart-2.5.1.jar:/Users/premkamalosipalli/.m2/repository/org/ow2/asm/asm/9.6/asm-9.6.jar:/Users/premkamalosipalli/.m2/repository/org/assertj/assertj-core/3.25.3/assertj-core-3.25.3.jar:/Users/premkamalosipalli/.m2/repository/net/bytebuddy/byte-buddy/1.14.19/byte-buddy-1.14.19.jar:/Users/premkamalosipalli/.m2/repository/org/awaitility/awaitility/4.2.2/awaitility-4.2.2.jar:/Users/premkamalosipalli/.m2/repository/org/hamcrest/hamcrest/2.2/hamcrest-2.2.jar:/Users/premkamalosipalli/.m2/repository/org/junit/jupiter/junit-jupiter/5.10.5/junit-jupiter-5.10.5.jar:/Users/premkamalosipalli/.m2/repository/org/junit/jupiter/junit-jupiter-api/5.10.5/junit-jupiter-api-5.10.5.jar:/Users/premkamalosipalli/.m2/repository/org/opentest4j/opentest4j/1.3.0/opentest4j-1.3.0.jar:/Users/premkamalosipalli/.m2/repository/org/junit/platform/junit-platform-commons/1.10.5/junit-platform-commons-1.10.5.jar:/Users/premkamalosipalli/.m2/repository/org/apiguardian/apiguardian-api/1.1.2/apiguardian-api-1.1.2.jar:/Users/premkamalosipalli/.m2/repository/org/junit/jupiter/junit-jupiter-params/5.10.5/junit-jupiter-params-5.10.5.jar:/Users/premkamalosipalli/.m2/repository/org/junit/jupiter/junit-jupiter-engine/5.10.5/junit-jupiter-engine-5.10.5.jar:/Users/premkamalosipalli/.m2/repository/org/junit/platform/junit-platform-engine/1.10.5/junit-platform-engine-1.10.5.jar:/Users/premkamalosipalli/.m2/repository/org/mockito/mockito-core/5.11.0/mockito-core-5.11.0.jar:/Users/premkamalosipalli/.m2/repository/net/bytebuddy/byte-buddy-agent/1.14.19/byte-buddy-agent-1.14.19.jar:/Users/premkamalosipalli/.m2/repository/org/objenesis/objenesis/3.3/objenesis-3.3.jar:/Users/premkamalosipalli/.m2/repository/org/mockito/mockito-junit-jupiter/5.11.0/mockito-junit-jupiter-5.11.0.jar:/Users/premkamalosipalli/.m2/repository/org/skyscreamer/jsonassert/1.5.3/jsonassert-1.5.3.jar:/Users/premkamalosipalli/.m2/repository/com/vaadin/external/google/android-json/0.0.20131108.vaadin1/android-json-0.0.20131108.vaadin1.jar:/Users/premkamalosipalli/.m2/repository/org/springframework/spring-test/6.1.14/spring-test-6.1.14.jar:/Users/premkamalosipalli/.m2/repository/org/xmlunit/xmlunit-core/2.9.1/xmlunit-core-2.9.1.jar:"/>
    <property name="java.vm.vendor" value="Amazon.com Inc."/>
    <property name="sun.arch.data.model" value="64"/>
    <property name="java.vendor.url" value="https://aws.amazon.com/corretto/"/>
    <property name="user.timezone" value="America/Chicago"/>
    <property name="os.name" value="Mac OS X"/>
    <property name="java.vm.specification.version" value="17"/>
    <property name="sun.java.launcher" value="SUN_STANDARD"/>
    <property name="user.country" value="US"/>
    <property name="sun.boot.library.path" value="/Users/premkamalosipalli/Library/Java/JavaVirtualMachines/corretto-17.0.7/Contents/Home/lib"/>
    <property name="sun.java.command" value="/Users/premkamalosipalli/IdeaProjects/prem-kamal-osipalli-api/osipalli-template-services/osipalli-template-services-system/target/surefire/surefirebooter-20241104201852400_7.jar /Users/premkamalosipalli/IdeaProjects/prem-kamal-osipalli-api/osipalli-template-services/osipalli-template-services-system/target/surefire 2024-11-04T20-18-49_969-jvmRun1 surefire-20241104201852400_5tmp surefire_1-20241104201852400_6tmp"/>
    <property name="http.nonProxyHosts" value="local|*.local|169.254/16|*.169.254/16"/>
    <property name="jdk.debug" value="release"/>
    <property name="surefire.test.class.path" value="/Users/premkamalosipalli/IdeaProjects/prem-kamal-osipalli-api/osipalli-template-services/osipalli-template-services-system/target/test-classes:/Users/premkamalosipalli/IdeaProjects/prem-kamal-osipalli-api/osipalli-template-services/osipalli-template-services-system/target/classes:/Users/premkamalosipalli/.m2/repository/org/springframework/boot/spring-boot-starter/3.3.5/spring-boot-starter-3.3.5.jar:/Users/premkamalosipalli/.m2/repository/org/springframework/boot/spring-boot/3.3.5/spring-boot-3.3.5.jar:/Users/premkamalosipalli/.m2/repository/org/springframework/spring-context/6.1.14/spring-context-6.1.14.jar:/Users/premkamalosipalli/.m2/repository/org/springframework/spring-aop/6.1.14/spring-aop-6.1.14.jar:/Users/premkamalosipalli/.m2/repository/org/springframework/spring-beans/6.1.14/spring-beans-6.1.14.jar:/Users/premkamalosipalli/.m2/repository/org/springframework/spring-expression/6.1.14/spring-expression-6.1.14.jar:/Users/premkamalosipalli/.m2/repository/io/micrometer/micrometer-observation/1.13.6/micrometer-observation-1.13.6.jar:/Users/premkamalosipalli/.m2/repository/io/micrometer/micrometer-commons/1.13.6/micrometer-commons-1.13.6.jar:/Users/premkamalosipalli/.m2/repository/org/springframework/boot/spring-boot-autoconfigure/3.3.5/spring-boot-autoconfigure-3.3.5.jar:/Users/premkamalosipalli/.m2/repository/org/springframework/boot/spring-boot-starter-logging/3.3.5/spring-boot-starter-logging-3.3.5.jar:/Users/premkamalosipalli/.m2/repository/ch/qos/logback/logback-classic/1.5.11/logback-classic-1.5.11.jar:/Users/premkamalosipalli/.m2/repository/ch/qos/logback/logback-core/1.5.11/logback-core-1.5.11.jar:/Users/premkamalosipalli/.m2/repository/org/apache/logging/log4j/log4j-to-slf4j/2.23.1/log4j-to-slf4j-2.23.1.jar:/Users/premkamalosipalli/.m2/repository/org/apache/logging/log4j/log4j-api/2.23.1/log4j-api-2.23.1.jar:/Users/premkamalosipalli/.m2/repository/org/slf4j/jul-to-slf4j/2.0.16/jul-to-slf4j-2.0.16.jar:/Users/premkamalosipalli/.m2/repository/jakarta/annotation/jakarta.annotation-api/2.1.1/jakarta.annotation-api-2.1.1.jar:/Users/premkamalosipalli/.m2/repository/org/springframework/spring-core/6.1.14/spring-core-6.1.14.jar:/Users/premkamalosipalli/.m2/repository/org/springframework/spring-jcl/6.1.14/spring-jcl-6.1.14.jar:/Users/premkamalosipalli/.m2/repository/org/yaml/snakeyaml/2.2/snakeyaml-2.2.jar:/Users/premkamalosipalli/.m2/repository/org/springframework/boot/spring-boot-starter-test/3.3.5/spring-boot-starter-test-3.3.5.jar:/Users/premkamalosipalli/.m2/repository/org/springframework/boot/spring-boot-test/3.3.5/spring-boot-test-3.3.5.jar:/Users/premkamalosipalli/.m2/repository/org/springframework/boot/spring-boot-test-autoconfigure/3.3.5/spring-boot-test-autoconfigure-3.3.5.jar:/Users/premkamalosipalli/.m2/repository/com/jayway/jsonpath/json-path/2.9.0/json-path-2.9.0.jar:/Users/premkamalosipalli/.m2/repository/org/slf4j/slf4j-api/2.0.16/slf4j-api-2.0.16.jar:/Users/premkamalosipalli/.m2/repository/jakarta/xml/bind/jakarta.xml.bind-api/4.0.2/jakarta.xml.bind-api-4.0.2.jar:/Users/premkamalosipalli/.m2/repository/jakarta/activation/jakarta.activation-api/2.1.3/jakarta.activation-api-2.1.3.jar:/Users/premkamalosipalli/.m2/repository/net/minidev/json-smart/2.5.1/json-smart-2.5.1.jar:/Users/premkamalosipalli/.m2/repository/net/minidev/accessors-smart/2.5.1/accessors-smart-2.5.1.jar:/Users/premkamalosipalli/.m2/repository/org/ow2/asm/asm/9.6/asm-9.6.jar:/Users/premkamalosipalli/.m2/repository/org/assertj/assertj-core/3.25.3/assertj-core-3.25.3.jar:/Users/premkamalosipalli/.m2/repository/net/bytebuddy/byte-buddy/1.14.19/byte-buddy-1.14.19.jar:/Users/premkamalosipalli/.m2/repository/org/awaitility/awaitility/4.2.2/awaitility-4.2.2.jar:/Users/premkamalosipalli/.m2/repository/org/hamcrest/hamcrest/2.2/hamcrest-2.2.jar:/Users/premkamalosipalli/.m2/repository/org/junit/jupiter/junit-jupiter/5.10.5/junit-jupiter-5.10.5.jar:/Users/premkamalosipalli/.m2/repository/org/junit/jupiter/junit-jupiter-api/5.10.5/junit-jupiter-api-5.10.5.jar:/Users/premkamalosipalli/.m2/repository/org/opentest4j/opentest4j/1.3.0/opentest4j-1.3.0.jar:/Users/premkamalosipalli/.m2/repository/org/junit/platform/junit-platform-commons/1.10.5/junit-platform-commons-1.10.5.jar:/Users/premkamalosipalli/.m2/repository/org/apiguardian/apiguardian-api/1.1.2/apiguardian-api-1.1.2.jar:/Users/premkamalosipalli/.m2/repository/org/junit/jupiter/junit-jupiter-params/5.10.5/junit-jupiter-params-5.10.5.jar:/Users/premkamalosipalli/.m2/repository/org/junit/jupiter/junit-jupiter-engine/5.10.5/junit-jupiter-engine-5.10.5.jar:/Users/premkamalosipalli/.m2/repository/org/junit/platform/junit-platform-engine/1.10.5/junit-platform-engine-1.10.5.jar:/Users/premkamalosipalli/.m2/repository/org/mockito/mockito-core/5.11.0/mockito-core-5.11.0.jar:/Users/premkamalosipalli/.m2/repository/net/bytebuddy/byte-buddy-agent/1.14.19/byte-buddy-agent-1.14.19.jar:/Users/premkamalosipalli/.m2/repository/org/objenesis/objenesis/3.3/objenesis-3.3.jar:/Users/premkamalosipalli/.m2/repository/org/mockito/mockito-junit-jupiter/5.11.0/mockito-junit-jupiter-5.11.0.jar:/Users/premkamalosipalli/.m2/repository/org/skyscreamer/jsonassert/1.5.3/jsonassert-1.5.3.jar:/Users/premkamalosipalli/.m2/repository/com/vaadin/external/google/android-json/0.0.20131108.vaadin1/android-json-0.0.20131108.vaadin1.jar:/Users/premkamalosipalli/.m2/repository/org/springframework/spring-test/6.1.14/spring-test-6.1.14.jar:/Users/premkamalosipalli/.m2/repository/org/xmlunit/xmlunit-core/2.9.1/xmlunit-core-2.9.1.jar:"/>
    <property name="sun.cpu.endian" value="little"/>
    <property name="user.home" value="/Users/premkamalosipalli"/>
    <property name="user.language" value="en"/>
    <property name="java.specification.vendor" value="Oracle Corporation"/>
    <property name="java.version.date" value="2023-04-18"/>
    <property name="java.home" value="/Users/premkamalosipalli/Library/Java/JavaVirtualMachines/corretto-17.0.7/Contents/Home"/>
    <property name="file.separator" value="/"/>
    <property name="basedir" value="/Users/premkamalosipalli/IdeaProjects/prem-kamal-osipalli-api/osipalli-template-services/osipalli-template-services-system"/>
    <property name="java.vm.compressedOopsMode" value="Zero based"/>
    <property name="line.separator" value="&#10;"/>
    <property name="java.vm.specification.vendor" value="Oracle Corporation"/>
    <property name="java.specification.name" value="Java Platform API Specification"/>
    <property name="FILE_LOG_CHARSET" value="UTF-8"/>
    <property name="java.awt.headless" value="true"/>
    <property name="surefire.real.class.path" value="/Users/premkamalosipalli/IdeaProjects/prem-kamal-osipalli-api/osipalli-template-services/osipalli-template-services-system/target/surefire/surefirebooter-20241104201852400_7.jar"/>
    <property name="sun.management.compiler" value="HotSpot 64-Bit Tiered Compilers"/>
    <property name="ftp.nonProxyHosts" value="local|*.local|169.254/16|*.169.254/16"/>
    <property name="java.runtime.version" value="17.0.7+7-LTS"/>
    <property name="user.name" value="premkamalosipalli"/>
    <property name="path.separator" value=":"/>
    <property name="os.version" value="14.5"/>
    <property name="java.runtime.name" value="OpenJDK Runtime Environment"/>
    <property name="file.encoding" value="UTF-8"/>
    <property name="java.vm.name" value="OpenJDK 64-Bit Server VM"/>
    <property name="java.vendor.version" value="Corretto-17.0.7.7.1"/>
    <property name="localRepository" value="/Users/premkamalosipalli/.m2/repository"/>
    <property name="java.vendor.url.bug" value="https://github.com/corretto/corretto-17/issues/"/>
    <property name="java.io.tmpdir" value="/var/folders/mq/cx0x2dm175z0g2qzk_1bss080000gn/T/"/>
    <property name="idea.version" value="2024.2.1"/>
    <property name="java.version" value="17.0.7"/>
    <property name="user.dir" value="/Users/premkamalosipalli/IdeaProjects/prem-kamal-osipalli-api/osipalli-template-services/osipalli-template-services-system"/>
    <property name="os.arch" value="aarch64"/>
    <property name="java.vm.specification.name" value="Java Virtual Machine Specification"/>
    <property name="PID" value="40268"/>
    <property name="CONSOLE_LOG_CHARSET" value="UTF-8"/>
    <property name="native.encoding" value="UTF-8"/>
    <property name="java.library.path" value="/Users/premkamalosipalli/Library/Java/Extensions:/Library/Java/Extensions:/Network/Library/Java/Extensions:/System/Library/Java/Extensions:/usr/lib/java:."/>
    <property name="java.vm.info" value="mixed mode, sharing"/>
    <property name="java.vendor" value="Amazon.com Inc."/>
    <property name="java.vm.version" value="17.0.7+7-LTS"/>
    <property name="sun.io.unicode.encoding" value="UnicodeBig"/>
    <property name="socksNonProxyHosts" value="local|*.local|169.254/16|*.169.254/16"/>
    <property name="java.class.version" value="61.0"/>
    <property name="LOGGED_APPLICATION_NAME" value="[osipalli-template-services-system] "/>
  </properties>
  <testcase name="contextLoads" classname="com.osipalli.template.services.system.OsipalliTemplateServicesSystemApplicationTests" time="0.387">
    <system-out><![CDATA[20:18:52.708 [main] INFO org.springframework.test.context.support.AnnotationConfigContextLoaderUtils -- Could not detect default configuration classes for test class [com.osipalli.template.services.system.OsipalliTemplateServicesSystemApplicationTests]: OsipalliTemplateServicesSystemApplicationTests does not declare any static, non-private, non-final, nested classes annotated with @Configuration.
20:18:52.749 [main] INFO org.springframework.boot.test.context.SpringBootTestContextBootstrapper -- Found @SpringBootConfiguration com.osipalli.template.services.system.OsipalliTemplateServicesSystemApplication for test class com.osipalli.template.services.system.OsipalliTemplateServicesSystemApplicationTests

  .   ____          _            __ _ _
 /\\ / ___'_ __ _ _(_)_ __  __ _ \ \ \ \
( ( )\___ | '_ | '_| | '_ \/ _` | \ \ \ \
 \\/  ___)| |_)| | | | | || (_| |  ) ) ) )
  '  |____| .__|_| |_|_| |_\__, | / / / /
 =========|_|==============|___/=/_/_/_/

 :: Spring Boot ::                (v3.3.5)

2024-11-04T20:18:52.888-06:00  INFO 40268 --- [osipalli-template-services-system] [           main] liTemplateServicesSystemApplicationTests : Starting OsipalliTemplateServicesSystemApplicationTests using Java 17.0.7 with PID 40268 (started by premkamalosipalli in /Users/premkamalosipalli/IdeaProjects/prem-kamal-osipalli-api/osipalli-template-services/osipalli-template-services-system)
2024-11-04T20:18:52.889-06:00  INFO 40268 --- [osipalli-template-services-system] [           main] liTemplateServicesSystemApplicationTests : No active profile set, falling back to 1 default profile: "default"
2024-11-04T20:18:53.076-06:00  INFO 40268 --- [osipalli-template-services-system] [           main] liTemplateServicesSystemApplicationTests : Started OsipalliTemplateServicesSystemApplicationTests in 0.282 seconds (process running for 0.662)
]]></system-out>
  </testcase>
</testsuite>