<?xml version="1.0" encoding="UTF-8"?>
<testsuite xmlns:xsi="http://www.w3.org/2001/XMLSchema-instance" xsi:noNamespaceSchemaLocation="https://maven.apache.org/surefire/maven-surefire-plugin/xsd/surefire-test-report-3.0.xsd" version="3.0" name="com.osipalli.template.services.system.OsipalliTemplateServicesSystemApplicationTests" time="2.0" tests="1" errors="0" skipped="0" failures="0">
  <properties>
    <property name="java.specification.version" value="17"/>
    <property name="sun.jnu.encoding" value="UTF-8"/>
    <property name="java.class.path" value="/Users/premkamalosipalli/IdeaProjects/prem-kamal-osipalli-api/osipalli-template-services/osipalli-template-services-system/target/test-classes:/Users/premkamalosipalli/IdeaProjects/prem-kamal-osipalli-api/osipalli-template-services/osipalli-template-services-system/target/classes:/Users/premkamalosipalli/.m2/repository/org/springframework/boot/spring-boot-starter-web/3.3.5/spring-boot-starter-web-3.3.5.jar:/Users/premkamalosipalli/.m2/repository/org/springframework/boot/spring-boot-starter/3.3.5/spring-boot-starter-3.3.5.jar:/Users/premkamalosipalli/.m2/repository/org/springframework/boot/spring-boot/3.3.5/spring-boot-3.3.5.jar:/Users/premkamalosipalli/.m2/repository/org/springframework/boot/spring-boot-starter-logging/3.3.5/spring-boot-starter-logging-3.3.5.jar:/Users/premkamalosipalli/.m2/repository/ch/qos/logback/logback-classic/1.5.11/logback-classic-1.5.11.jar:/Users/premkamalosipalli/.m2/repository/ch/qos/logback/logback-core/1.5.11/logback-core-1.5.11.jar:/Users/premkamalosipalli/.m2/repository/org/apache/logging/log4j/log4j-to-slf4j/2.23.1/log4j-to-slf4j-2.23.1.jar:/Users/premkamalosipalli/.m2/repository/org/apache/logging/log4j/log4j-api/2.23.1/log4j-api-2.23.1.jar:/Users/premkamalosipalli/.m2/repository/org/slf4j/jul-to-slf4j/2.0.16/jul-to-slf4j-2.0.16.jar:/Users/premkamalosipalli/.m2/repository/org/yaml/snakeyaml/2.2/snakeyaml-2.2.jar:/Users/premkamalosipalli/.m2/repository/org/springframework/boot/spring-boot-starter-json/3.3.5/spring-boot-starter-json-3.3.5.jar:/Users/premkamalosipalli/.m2/repository/com/fasterxml/jackson/core/jackson-databind/2.17.2/jackson-databind-2.17.2.jar:/Users/premkamalosipalli/.m2/repository/com/fasterxml/jackson/core/jackson-annotations/2.17.2/jackson-annotations-2.17.2.jar:/Users/premkamalosipalli/.m2/repository/com/fasterxml/jackson/datatype/jackson-datatype-jdk8/2.17.2/jackson-datatype-jdk8-2.17.2.jar:/Users/premkamalosipalli/.m2/repository/com/fasterxml/jackson/datatype/jackson-datatype-jsr310/2.17.2/jackson-datatype-jsr310-2.17.2.jar:/Users/premkamalosipalli/.m2/repository/com/fasterxml/jackson/module/jackson-module-parameter-names/2.17.2/jackson-module-parameter-names-2.17.2.jar:/Users/premkamalosipalli/.m2/repository/org/springframework/boot/spring-boot-starter-tomcat/3.3.5/spring-boot-starter-tomcat-3.3.5.jar:/Users/premkamalosipalli/.m2/repository/org/apache/tomcat/embed/tomcat-embed-core/10.1.31/tomcat-embed-core-10.1.31.jar:/Users/premkamalosipalli/.m2/repository/org/apache/tomcat/embed/tomcat-embed-el/10.1.31/tomcat-embed-el-10.1.31.jar:/Users/premkamalosipalli/.m2/repository/org/apache/tomcat/embed/tomcat-embed-websocket/10.1.31/tomcat-embed-websocket-10.1.31.jar:/Users/premkamalosipalli/.m2/repository/org/springframework/spring-web/6.1.14/spring-web-6.1.14.jar:/Users/premkamalosipalli/.m2/repository/org/springframework/spring-beans/6.1.14/spring-beans-6.1.14.jar:/Users/premkamalosipalli/.m2/repository/io/micrometer/micrometer-observation/1.13.6/micrometer-observation-1.13.6.jar:/Users/premkamalosipalli/.m2/repository/io/micrometer/micrometer-commons/1.13.6/micrometer-commons-1.13.6.jar:/Users/premkamalosipalli/.m2/repository/org/springframework/spring-webmvc/6.1.14/spring-webmvc-6.1.14.jar:/Users/premkamalosipalli/.m2/repository/org/springframework/spring-aop/6.1.14/spring-aop-6.1.14.jar:/Users/premkamalosipalli/.m2/repository/org/springframework/spring-context/6.1.14/spring-context-6.1.14.jar:/Users/premkamalosipalli/.m2/repository/org/springframework/spring-expression/6.1.14/spring-expression-6.1.14.jar:/Users/premkamalosipalli/.m2/repository/com/alibaba/cloud/spring-cloud-starter-alibaba-nacos-discovery/2022.0.0.0/spring-cloud-starter-alibaba-nacos-discovery-2022.0.0.0.jar:/Users/premkamalosipalli/.m2/repository/com/alibaba/cloud/spring-cloud-alibaba-commons/2022.0.0.0/spring-cloud-alibaba-commons-2022.0.0.0.jar:/Users/premkamalosipalli/.m2/repository/com/alibaba/nacos/nacos-client/2.2.1/nacos-client-2.2.1.jar:/Users/premkamalosipalli/.m2/repository/com/alibaba/nacos/nacos-auth-plugin/2.2.1/nacos-auth-plugin-2.2.1.jar:/Users/premkamalosipalli/.m2/repository/com/alibaba/nacos/nacos-encryption-plugin/2.2.1/nacos-encryption-plugin-2.2.1.jar:/Users/premkamalosipalli/.m2/repository/commons-codec/commons-codec/1.16.1/commons-codec-1.16.1.jar:/Users/premkamalosipalli/.m2/repository/com/fasterxml/jackson/core/jackson-core/2.17.2/jackson-core-2.17.2.jar:/Users/premkamalosipalli/.m2/repository/org/apache/httpcomponents/httpasyncclient/4.1.5/httpasyncclient-4.1.5.jar:/Users/premkamalosipalli/.m2/repository/org/apache/httpcomponents/httpcore/4.4.16/httpcore-4.4.16.jar:/Users/premkamalosipalli/.m2/repository/org/apache/httpcomponents/httpcore-nio/4.4.16/httpcore-nio-4.4.16.jar:/Users/premkamalosipalli/.m2/repository/org/apache/httpcomponents/httpclient/4.5.13/httpclient-4.5.13.jar:/Users/premkamalosipalli/.m2/repository/io/prometheus/simpleclient/0.16.0/simpleclient-0.16.0.jar:/Users/premkamalosipalli/.m2/repository/io/prometheus/simpleclient_tracer_otel/0.16.0/simpleclient_tracer_otel-0.16.0.jar:/Users/premkamalosipalli/.m2/repository/io/prometheus/simpleclient_tracer_common/0.16.0/simpleclient_tracer_common-0.16.0.jar:/Users/premkamalosipalli/.m2/repository/io/prometheus/simpleclient_tracer_otel_agent/0.16.0/simpleclient_tracer_otel_agent-0.16.0.jar:/Users/premkamalosipalli/.m2/repository/com/alibaba/spring/spring-context-support/1.0.11/spring-context-support-1.0.11.jar:/Users/premkamalosipalli/.m2/repository/org/springframework/cloud/spring-cloud-commons/4.1.4/spring-cloud-commons-4.1.4.jar:/Users/premkamalosipalli/.m2/repository/org/springframework/security/spring-security-crypto/6.3.4/spring-security-crypto-6.3.4.jar:/Users/premkamalosipalli/.m2/repository/org/springframework/cloud/spring-cloud-context/4.1.4/spring-cloud-context-4.1.4.jar:/Users/premkamalosipalli/.m2/repository/com/alibaba/cloud/spring-cloud-starter-alibaba-nacos-config/2022.0.0.0/spring-cloud-starter-alibaba-nacos-config-2022.0.0.0.jar:/Users/premkamalosipalli/.m2/repository/org/slf4j/slf4j-api/2.0.16/slf4j-api-2.0.16.jar:/Users/premkamalosipalli/.m2/repository/jakarta/annotation/jakarta.annotation-api/2.1.1/jakarta.annotation-api-2.1.1.jar:/Users/premkamalosipalli/.m2/repository/org/springframework/cloud/spring-cloud-starter-bootstrap/4.1.4/spring-cloud-starter-bootstrap-4.1.4.jar:/Users/premkamalosipalli/.m2/repository/org/springframework/cloud/spring-cloud-starter/4.1.4/spring-cloud-starter-4.1.4.jar:/Users/premkamalosipalli/.m2/repository/org/springframework/security/spring-security-rsa/1.1.3/spring-security-rsa-1.1.3.jar:/Users/premkamalosipalli/.m2/repository/org/bouncycastle/bcprov-jdk18on/1.78/bcprov-jdk18on-1.78.jar:/Users/premkamalosipalli/.m2/repository/org/springframework/boot/spring-boot-starter-oauth2-resource-server/3.3.5/spring-boot-starter-oauth2-resource-server-3.3.5.jar:/Users/premkamalosipalli/.m2/repository/org/springframework/security/spring-security-config/6.3.4/spring-security-config-6.3.4.jar:/Users/premkamalosipalli/.m2/repository/org/springframework/security/spring-security-core/6.3.4/spring-security-core-6.3.4.jar:/Users/premkamalosipalli/.m2/repository/org/springframework/security/spring-security-oauth2-resource-server/6.3.4/spring-security-oauth2-resource-server-6.3.4.jar:/Users/premkamalosipalli/.m2/repository/org/springframework/security/spring-security-oauth2-core/6.3.4/spring-security-oauth2-core-6.3.4.jar:/Users/premkamalosipalli/.m2/repository/org/springframework/security/spring-security-web/6.3.4/spring-security-web-6.3.4.jar:/Users/premkamalosipalli/.m2/repository/org/springframework/security/spring-security-oauth2-jose/6.3.4/spring-security-oauth2-jose-6.3.4.jar:/Users/premkamalosipalli/.m2/repository/com/nimbusds/nimbus-jose-jwt/9.37.3/nimbus-jose-jwt-9.37.3.jar:/Users/premkamalosipalli/.m2/repository/com/github/stephenc/jcip/jcip-annotations/1.0-1/jcip-annotations-1.0-1.jar:/Users/premkamalosipalli/.m2/repository/org/springframework/boot/spring-boot-starter-test/3.3.5/spring-boot-starter-test-3.3.5.jar:/Users/premkamalosipalli/.m2/repository/org/springframework/boot/spring-boot-test/3.3.5/spring-boot-test-3.3.5.jar:/Users/premkamalosipalli/.m2/repository/org/springframework/boot/spring-boot-test-autoconfigure/3.3.5/spring-boot-test-autoconfigure-3.3.5.jar:/Users/premkamalosipalli/.m2/repository/com/jayway/jsonpath/json-path/2.9.0/json-path-2.9.0.jar:/Users/premkamalosipalli/.m2/repository/jakarta/xml/bind/jakarta.xml.bind-api/4.0.2/jakarta.xml.bind-api-4.0.2.jar:/Users/premkamalosipalli/.m2/repository/jakarta/activation/jakarta.activation-api/2.1.3/jakarta.activation-api-2.1.3.jar:/Users/premkamalosipalli/.m2/repository/net/minidev/json-smart/2.5.1/json-smart-2.5.1.jar:/Users/premkamalosipalli/.m2/repository/net/minidev/accessors-smart/2.5.1/accessors-smart-2.5.1.jar:/Users/premkamalosipalli/.m2/repository/org/ow2/asm/asm/9.6/asm-9.6.jar:/Users/premkamalosipalli/.m2/repository/org/assertj/assertj-core/3.25.3/assertj-core-3.25.3.jar:/Users/premkamalosipalli/.m2/repository/net/bytebuddy/byte-buddy/1.14.19/byte-buddy-1.14.19.jar:/Users/premkamalosipalli/.m2/repository/org/awaitility/awaitility/4.2.2/awaitility-4.2.2.jar:/Users/premkamalosipalli/.m2/repository/org/hamcrest/hamcrest/2.2/hamcrest-2.2.jar:/Users/premkamalosipalli/.m2/repository/org/junit/jupiter/junit-jupiter/5.10.5/junit-jupiter-5.10.5.jar:/Users/premkamalosipalli/.m2/repository/org/junit/jupiter/junit-jupiter-api/5.10.5/junit-jupiter-api-5.10.5.jar:/Users/premkamalosipalli/.m2/repository/org/opentest4j/opentest4j/1.3.0/opentest4j-1.3.0.jar:/Users/premkamalosipalli/.m2/repository/org/junit/platform/junit-platform-commons/1.10.5/junit-platform-commons-1.10.5.jar:/Users/premkamalosipalli/.m2/repository/org/apiguardian/apiguardian-api/1.1.2/apiguardian-api-1.1.2.jar:/Users/premkamalosipalli/.m2/repository/org/junit/jupiter/junit-jupiter-params/5.10.5/junit-jupiter-params-5.10.5.jar:/Users/premkamalosipalli/.m2/repository/org/junit/jupiter/junit-jupiter-engine/5.10.5/junit-jupiter-engine-5.10.5.jar:/Users/premkamalosipalli/.m2/repository/org/junit/platform/junit-platform-engine/1.10.5/junit-platform-engine-1.10.5.jar:/Users/premkamalosipalli/.m2/repository/org/mockito/mockito-core/5.11.0/mockito-core-5.11.0.jar:/Users/premkamalosipalli/.m2/repository/net/bytebuddy/byte-buddy-agent/1.14.19/byte-buddy-agent-1.14.19.jar:/Users/premkamalosipalli/.m2/repository/org/objenesis/objenesis/3.3/objenesis-3.3.jar:/Users/premkamalosipalli/.m2/repository/org/mockito/mockito-junit-jupiter/5.11.0/mockito-junit-jupiter-5.11.0.jar:/Users/premkamalosipalli/.m2/repository/org/skyscreamer/jsonassert/1.5.3/jsonassert-1.5.3.jar:/Users/premkamalosipalli/.m2/repository/com/vaadin/external/google/android-json/0.0.20131108.vaadin1/android-json-0.0.20131108.vaadin1.jar:/Users/premkamalosipalli/.m2/repository/org/springframework/spring-core/6.1.14/spring-core-6.1.14.jar:/Users/premkamalosipalli/.m2/repository/org/springframework/spring-jcl/6.1.14/spring-jcl-6.1.14.jar:/Users/premkamalosipalli/.m2/repository/org/springframework/spring-test/6.1.14/spring-test-6.1.14.jar:/Users/premkamalosipalli/.m2/repository/org/xmlunit/xmlunit-core/2.9.1/xmlunit-core-2.9.1.jar:/Users/premkamalosipalli/.m2/repository/org/springframework/cloud/spring-cloud-openfeign-core/4.1.3/spring-cloud-openfeign-core-4.1.3.jar:/Users/premkamalosipalli/.m2/repository/org/springframework/boot/spring-boot-autoconfigure/3.3.5/spring-boot-autoconfigure-3.3.5.jar:/Users/premkamalosipalli/.m2/repository/io/github/openfeign/form/feign-form-spring/3.8.0/feign-form-spring-3.8.0.jar:/Users/premkamalosipalli/.m2/repository/io/github/openfeign/form/feign-form/3.8.0/feign-form-3.8.0.jar:/Users/premkamalosipalli/.m2/repository/commons-fileupload/commons-fileupload/1.5/commons-fileupload-1.5.jar:/Users/premkamalosipalli/.m2/repository/commons-io/commons-io/2.11.0/commons-io-2.11.0.jar:"/>
    <property name="java.vm.vendor" value="Amazon.com Inc."/>
    <property name="sun.arch.data.model" value="64"/>
    <property name="java.vendor.url" value="https://aws.amazon.com/corretto/"/>
    <property name="user.timezone" value="America/Chicago"/>
    <property name="os.name" value="Mac OS X"/>
    <property name="java.vm.specification.version" value="17"/>
    <property name="sun.java.launcher" value="SUN_STANDARD"/>
    <property name="user.country" value="US"/>
    <property name="sun.boot.library.path" value="/Users/premkamalosipalli/Library/Java/JavaVirtualMachines/corretto-17.0.13/Contents/Home/lib"/>
    <property name="sun.java.command" value="/Users/premkamalosipalli/IdeaProjects/prem-kamal-osipalli-api/osipalli-template-services/osipalli-template-services-system/target/surefire/surefirebooter-20241116210728447_7.jar /Users/premkamalosipalli/IdeaProjects/prem-kamal-osipalli-api/osipalli-template-services/osipalli-template-services-system/target/surefire 2024-11-16T21-07-23_120-jvmRun1 surefire-20241116210728447_5tmp surefire_1-20241116210728447_6tmp"/>
    <property name="http.nonProxyHosts" value="local|*.local|169.254/16|*.169.254/16"/>
    <property name="jdk.debug" value="release"/>
    <property name="surefire.test.class.path" value="/Users/premkamalosipalli/IdeaProjects/prem-kamal-osipalli-api/osipalli-template-services/osipalli-template-services-system/target/test-classes:/Users/premkamalosipalli/IdeaProjects/prem-kamal-osipalli-api/osipalli-template-services/osipalli-template-services-system/target/classes:/Users/premkamalosipalli/.m2/repository/org/springframework/boot/spring-boot-starter-web/3.3.5/spring-boot-starter-web-3.3.5.jar:/Users/premkamalosipalli/.m2/repository/org/springframework/boot/spring-boot-starter/3.3.5/spring-boot-starter-3.3.5.jar:/Users/premkamalosipalli/.m2/repository/org/springframework/boot/spring-boot/3.3.5/spring-boot-3.3.5.jar:/Users/premkamalosipalli/.m2/repository/org/springframework/boot/spring-boot-starter-logging/3.3.5/spring-boot-starter-logging-3.3.5.jar:/Users/premkamalosipalli/.m2/repository/ch/qos/logback/logback-classic/1.5.11/logback-classic-1.5.11.jar:/Users/premkamalosipalli/.m2/repository/ch/qos/logback/logback-core/1.5.11/logback-core-1.5.11.jar:/Users/premkamalosipalli/.m2/repository/org/apache/logging/log4j/log4j-to-slf4j/2.23.1/log4j-to-slf4j-2.23.1.jar:/Users/premkamalosipalli/.m2/repository/org/apache/logging/log4j/log4j-api/2.23.1/log4j-api-2.23.1.jar:/Users/premkamalosipalli/.m2/repository/org/slf4j/jul-to-slf4j/2.0.16/jul-to-slf4j-2.0.16.jar:/Users/premkamalosipalli/.m2/repository/org/yaml/snakeyaml/2.2/snakeyaml-2.2.jar:/Users/premkamalosipalli/.m2/repository/org/springframework/boot/spring-boot-starter-json/3.3.5/spring-boot-starter-json-3.3.5.jar:/Users/premkamalosipalli/.m2/repository/com/fasterxml/jackson/core/jackson-databind/2.17.2/jackson-databind-2.17.2.jar:/Users/premkamalosipalli/.m2/repository/com/fasterxml/jackson/core/jackson-annotations/2.17.2/jackson-annotations-2.17.2.jar:/Users/premkamalosipalli/.m2/repository/com/fasterxml/jackson/datatype/jackson-datatype-jdk8/2.17.2/jackson-datatype-jdk8-2.17.2.jar:/Users/premkamalosipalli/.m2/repository/com/fasterxml/jackson/datatype/jackson-datatype-jsr310/2.17.2/jackson-datatype-jsr310-2.17.2.jar:/Users/premkamalosipalli/.m2/repository/com/fasterxml/jackson/module/jackson-module-parameter-names/2.17.2/jackson-module-parameter-names-2.17.2.jar:/Users/premkamalosipalli/.m2/repository/org/springframework/boot/spring-boot-starter-tomcat/3.3.5/spring-boot-starter-tomcat-3.3.5.jar:/Users/premkamalosipalli/.m2/repository/org/apache/tomcat/embed/tomcat-embed-core/10.1.31/tomcat-embed-core-10.1.31.jar:/Users/premkamalosipalli/.m2/repository/org/apache/tomcat/embed/tomcat-embed-el/10.1.31/tomcat-embed-el-10.1.31.jar:/Users/premkamalosipalli/.m2/repository/org/apache/tomcat/embed/tomcat-embed-websocket/10.1.31/tomcat-embed-websocket-10.1.31.jar:/Users/premkamalosipalli/.m2/repository/org/springframework/spring-web/6.1.14/spring-web-6.1.14.jar:/Users/premkamalosipalli/.m2/repository/org/springframework/spring-beans/6.1.14/spring-beans-6.1.14.jar:/Users/premkamalosipalli/.m2/repository/io/micrometer/micrometer-observation/1.13.6/micrometer-observation-1.13.6.jar:/Users/premkamalosipalli/.m2/repository/io/micrometer/micrometer-commons/1.13.6/micrometer-commons-1.13.6.jar:/Users/premkamalosipalli/.m2/repository/org/springframework/spring-webmvc/6.1.14/spring-webmvc-6.1.14.jar:/Users/premkamalosipalli/.m2/repository/org/springframework/spring-aop/6.1.14/spring-aop-6.1.14.jar:/Users/premkamalosipalli/.m2/repository/org/springframework/spring-context/6.1.14/spring-context-6.1.14.jar:/Users/premkamalosipalli/.m2/repository/org/springframework/spring-expression/6.1.14/spring-expression-6.1.14.jar:/Users/premkamalosipalli/.m2/repository/com/alibaba/cloud/spring-cloud-starter-alibaba-nacos-discovery/2022.0.0.0/spring-cloud-starter-alibaba-nacos-discovery-2022.0.0.0.jar:/Users/premkamalosipalli/.m2/repository/com/alibaba/cloud/spring-cloud-alibaba-commons/2022.0.0.0/spring-cloud-alibaba-commons-2022.0.0.0.jar:/Users/premkamalosipalli/.m2/repository/com/alibaba/nacos/nacos-client/2.2.1/nacos-client-2.2.1.jar:/Users/premkamalosipalli/.m2/repository/com/alibaba/nacos/nacos-auth-plugin/2.2.1/nacos-auth-plugin-2.2.1.jar:/Users/premkamalosipalli/.m2/repository/com/alibaba/nacos/nacos-encryption-plugin/2.2.1/nacos-encryption-plugin-2.2.1.jar:/Users/premkamalosipalli/.m2/repository/commons-codec/commons-codec/1.16.1/commons-codec-1.16.1.jar:/Users/premkamalosipalli/.m2/repository/com/fasterxml/jackson/core/jackson-core/2.17.2/jackson-core-2.17.2.jar:/Users/premkamalosipalli/.m2/repository/org/apache/httpcomponents/httpasyncclient/4.1.5/httpasyncclient-4.1.5.jar:/Users/premkamalosipalli/.m2/repository/org/apache/httpcomponents/httpcore/4.4.16/httpcore-4.4.16.jar:/Users/premkamalosipalli/.m2/repository/org/apache/httpcomponents/httpcore-nio/4.4.16/httpcore-nio-4.4.16.jar:/Users/premkamalosipalli/.m2/repository/org/apache/httpcomponents/httpclient/4.5.13/httpclient-4.5.13.jar:/Users/premkamalosipalli/.m2/repository/io/prometheus/simpleclient/0.16.0/simpleclient-0.16.0.jar:/Users/premkamalosipalli/.m2/repository/io/prometheus/simpleclient_tracer_otel/0.16.0/simpleclient_tracer_otel-0.16.0.jar:/Users/premkamalosipalli/.m2/repository/io/prometheus/simpleclient_tracer_common/0.16.0/simpleclient_tracer_common-0.16.0.jar:/Users/premkamalosipalli/.m2/repository/io/prometheus/simpleclient_tracer_otel_agent/0.16.0/simpleclient_tracer_otel_agent-0.16.0.jar:/Users/premkamalosipalli/.m2/repository/com/alibaba/spring/spring-context-support/1.0.11/spring-context-support-1.0.11.jar:/Users/premkamalosipalli/.m2/repository/org/springframework/cloud/spring-cloud-commons/4.1.4/spring-cloud-commons-4.1.4.jar:/Users/premkamalosipalli/.m2/repository/org/springframework/security/spring-security-crypto/6.3.4/spring-security-crypto-6.3.4.jar:/Users/premkamalosipalli/.m2/repository/org/springframework/cloud/spring-cloud-context/4.1.4/spring-cloud-context-4.1.4.jar:/Users/premkamalosipalli/.m2/repository/com/alibaba/cloud/spring-cloud-starter-alibaba-nacos-config/2022.0.0.0/spring-cloud-starter-alibaba-nacos-config-2022.0.0.0.jar:/Users/premkamalosipalli/.m2/repository/org/slf4j/slf4j-api/2.0.16/slf4j-api-2.0.16.jar:/Users/premkamalosipalli/.m2/repository/jakarta/annotation/jakarta.annotation-api/2.1.1/jakarta.annotation-api-2.1.1.jar:/Users/premkamalosipalli/.m2/repository/org/springframework/cloud/spring-cloud-starter-bootstrap/4.1.4/spring-cloud-starter-bootstrap-4.1.4.jar:/Users/premkamalosipalli/.m2/repository/org/springframework/cloud/spring-cloud-starter/4.1.4/spring-cloud-starter-4.1.4.jar:/Users/premkamalosipalli/.m2/repository/org/springframework/security/spring-security-rsa/1.1.3/spring-security-rsa-1.1.3.jar:/Users/premkamalosipalli/.m2/repository/org/bouncycastle/bcprov-jdk18on/1.78/bcprov-jdk18on-1.78.jar:/Users/premkamalosipalli/.m2/repository/org/springframework/boot/spring-boot-starter-oauth2-resource-server/3.3.5/spring-boot-starter-oauth2-resource-server-3.3.5.jar:/Users/premkamalosipalli/.m2/repository/org/springframework/security/spring-security-config/6.3.4/spring-security-config-6.3.4.jar:/Users/premkamalosipalli/.m2/repository/org/springframework/security/spring-security-core/6.3.4/spring-security-core-6.3.4.jar:/Users/premkamalosipalli/.m2/repository/org/springframework/security/spring-security-oauth2-resource-server/6.3.4/spring-security-oauth2-resource-server-6.3.4.jar:/Users/premkamalosipalli/.m2/repository/org/springframework/security/spring-security-oauth2-core/6.3.4/spring-security-oauth2-core-6.3.4.jar:/Users/premkamalosipalli/.m2/repository/org/springframework/security/spring-security-web/6.3.4/spring-security-web-6.3.4.jar:/Users/premkamalosipalli/.m2/repository/org/springframework/security/spring-security-oauth2-jose/6.3.4/spring-security-oauth2-jose-6.3.4.jar:/Users/premkamalosipalli/.m2/repository/com/nimbusds/nimbus-jose-jwt/9.37.3/nimbus-jose-jwt-9.37.3.jar:/Users/premkamalosipalli/.m2/repository/com/github/stephenc/jcip/jcip-annotations/1.0-1/jcip-annotations-1.0-1.jar:/Users/premkamalosipalli/.m2/repository/org/springframework/boot/spring-boot-starter-test/3.3.5/spring-boot-starter-test-3.3.5.jar:/Users/premkamalosipalli/.m2/repository/org/springframework/boot/spring-boot-test/3.3.5/spring-boot-test-3.3.5.jar:/Users/premkamalosipalli/.m2/repository/org/springframework/boot/spring-boot-test-autoconfigure/3.3.5/spring-boot-test-autoconfigure-3.3.5.jar:/Users/premkamalosipalli/.m2/repository/com/jayway/jsonpath/json-path/2.9.0/json-path-2.9.0.jar:/Users/premkamalosipalli/.m2/repository/jakarta/xml/bind/jakarta.xml.bind-api/4.0.2/jakarta.xml.bind-api-4.0.2.jar:/Users/premkamalosipalli/.m2/repository/jakarta/activation/jakarta.activation-api/2.1.3/jakarta.activation-api-2.1.3.jar:/Users/premkamalosipalli/.m2/repository/net/minidev/json-smart/2.5.1/json-smart-2.5.1.jar:/Users/premkamalosipalli/.m2/repository/net/minidev/accessors-smart/2.5.1/accessors-smart-2.5.1.jar:/Users/premkamalosipalli/.m2/repository/org/ow2/asm/asm/9.6/asm-9.6.jar:/Users/premkamalosipalli/.m2/repository/org/assertj/assertj-core/3.25.3/assertj-core-3.25.3.jar:/Users/premkamalosipalli/.m2/repository/net/bytebuddy/byte-buddy/1.14.19/byte-buddy-1.14.19.jar:/Users/premkamalosipalli/.m2/repository/org/awaitility/awaitility/4.2.2/awaitility-4.2.2.jar:/Users/premkamalosipalli/.m2/repository/org/hamcrest/hamcrest/2.2/hamcrest-2.2.jar:/Users/premkamalosipalli/.m2/repository/org/junit/jupiter/junit-jupiter/5.10.5/junit-jupiter-5.10.5.jar:/Users/premkamalosipalli/.m2/repository/org/junit/jupiter/junit-jupiter-api/5.10.5/junit-jupiter-api-5.10.5.jar:/Users/premkamalosipalli/.m2/repository/org/opentest4j/opentest4j/1.3.0/opentest4j-1.3.0.jar:/Users/premkamalosipalli/.m2/repository/org/junit/platform/junit-platform-commons/1.10.5/junit-platform-commons-1.10.5.jar:/Users/premkamalosipalli/.m2/repository/org/apiguardian/apiguardian-api/1.1.2/apiguardian-api-1.1.2.jar:/Users/premkamalosipalli/.m2/repository/org/junit/jupiter/junit-jupiter-params/5.10.5/junit-jupiter-params-5.10.5.jar:/Users/premkamalosipalli/.m2/repository/org/junit/jupiter/junit-jupiter-engine/5.10.5/junit-jupiter-engine-5.10.5.jar:/Users/premkamalosipalli/.m2/repository/org/junit/platform/junit-platform-engine/1.10.5/junit-platform-engine-1.10.5.jar:/Users/premkamalosipalli/.m2/repository/org/mockito/mockito-core/5.11.0/mockito-core-5.11.0.jar:/Users/premkamalosipalli/.m2/repository/net/bytebuddy/byte-buddy-agent/1.14.19/byte-buddy-agent-1.14.19.jar:/Users/premkamalosipalli/.m2/repository/org/objenesis/objenesis/3.3/objenesis-3.3.jar:/Users/premkamalosipalli/.m2/repository/org/mockito/mockito-junit-jupiter/5.11.0/mockito-junit-jupiter-5.11.0.jar:/Users/premkamalosipalli/.m2/repository/org/skyscreamer/jsonassert/1.5.3/jsonassert-1.5.3.jar:/Users/premkamalosipalli/.m2/repository/com/vaadin/external/google/android-json/0.0.20131108.vaadin1/android-json-0.0.20131108.vaadin1.jar:/Users/premkamalosipalli/.m2/repository/org/springframework/spring-core/6.1.14/spring-core-6.1.14.jar:/Users/premkamalosipalli/.m2/repository/org/springframework/spring-jcl/6.1.14/spring-jcl-6.1.14.jar:/Users/premkamalosipalli/.m2/repository/org/springframework/spring-test/6.1.14/spring-test-6.1.14.jar:/Users/premkamalosipalli/.m2/repository/org/xmlunit/xmlunit-core/2.9.1/xmlunit-core-2.9.1.jar:/Users/premkamalosipalli/.m2/repository/org/springframework/cloud/spring-cloud-openfeign-core/4.1.3/spring-cloud-openfeign-core-4.1.3.jar:/Users/premkamalosipalli/.m2/repository/org/springframework/boot/spring-boot-autoconfigure/3.3.5/spring-boot-autoconfigure-3.3.5.jar:/Users/premkamalosipalli/.m2/repository/io/github/openfeign/form/feign-form-spring/3.8.0/feign-form-spring-3.8.0.jar:/Users/premkamalosipalli/.m2/repository/io/github/openfeign/form/feign-form/3.8.0/feign-form-3.8.0.jar:/Users/premkamalosipalli/.m2/repository/commons-fileupload/commons-fileupload/1.5/commons-fileupload-1.5.jar:/Users/premkamalosipalli/.m2/repository/commons-io/commons-io/2.11.0/commons-io-2.11.0.jar:"/>
    <property name="sun.cpu.endian" value="little"/>
    <property name="user.home" value="/Users/premkamalosipalli"/>
    <property name="user.language" value="en"/>
    <property name="java.specification.vendor" value="Oracle Corporation"/>
    <property name="java.version.date" value="2024-10-15"/>
    <property name="java.home" value="/Users/premkamalosipalli/Library/Java/JavaVirtualMachines/corretto-17.0.13/Contents/Home"/>
    <property name="file.separator" value="/"/>
    <property name="basedir" value="/Users/premkamalosipalli/IdeaProjects/prem-kamal-osipalli-api/osipalli-template-services/osipalli-template-services-system"/>
    <property name="java.vm.compressedOopsMode" value="Zero based"/>
    <property name="line.separator" value="&#10;"/>
    <property name="java.vm.specification.vendor" value="Oracle Corporation"/>
    <property name="java.specification.name" value="Java Platform API Specification"/>
    <property name="FILE_LOG_CHARSET" value="UTF-8"/>
    <property name="java.awt.headless" value="true"/>
    <property name="surefire.real.class.path" value="/Users/premkamalosipalli/IdeaProjects/prem-kamal-osipalli-api/osipalli-template-services/osipalli-template-services-system/target/surefire/surefirebooter-20241116210728447_7.jar"/>
    <property name="sun.management.compiler" value="HotSpot 64-Bit Tiered Compilers"/>
    <property name="ftp.nonProxyHosts" value="local|*.local|169.254/16|*.169.254/16"/>
    <property name="java.runtime.version" value="17.0.13+11-LTS"/>
    <property name="user.name" value="premkamalosipalli"/>
    <property name="path.separator" value=":"/>
    <property name="os.version" value="15.1"/>
    <property name="java.runtime.name" value="OpenJDK Runtime Environment"/>
    <property name="file.encoding" value="UTF-8"/>
    <property name="java.vm.name" value="OpenJDK 64-Bit Server VM"/>
    <property name="java.vendor.version" value="Corretto-17.0.13.11.1"/>
    <property name="localRepository" value="/Users/premkamalosipalli/.m2/repository"/>
    <property name="java.vendor.url.bug" value="https://github.com/corretto/corretto-17/issues/"/>
    <property name="java.io.tmpdir" value="/var/folders/mq/cx0x2dm175z0g2qzk_1bss080000gn/T/"/>
    <property name="idea.version" value="2024.2.4"/>
    <property name="java.version" value="17.0.13"/>
    <property name="user.dir" value="/Users/premkamalosipalli/IdeaProjects/prem-kamal-osipalli-api/osipalli-template-services/osipalli-template-services-system"/>
    <property name="os.arch" value="aarch64"/>
    <property name="java.vm.specification.name" value="Java Virtual Machine Specification"/>
    <property name="PID" value="10551"/>
    <property name="CONSOLE_LOG_CHARSET" value="UTF-8"/>
    <property name="native.encoding" value="UTF-8"/>
    <property name="java.library.path" value="/Users/premkamalosipalli/Library/Java/Extensions:/Library/Java/Extensions:/Network/Library/Java/Extensions:/System/Library/Java/Extensions:/usr/lib/java:."/>
    <property name="java.vm.info" value="mixed mode, sharing"/>
    <property name="java.vendor" value="Amazon.com Inc."/>
    <property name="java.vm.version" value="17.0.13+11-LTS"/>
    <property name="java.specification.maintenance.version" value="1"/>
    <property name="sun.io.unicode.encoding" value="UnicodeBig"/>
    <property name="socksNonProxyHosts" value="local|*.local|169.254/16|*.169.254/16"/>
    <property name="java.class.version" value="61.0"/>
    <property name="LOGGED_APPLICATION_NAME" value="[osipalli-system] "/>
  </properties>
  <testcase name="contextLoads" classname="com.osipalli.template.services.system.OsipalliTemplateServicesSystemApplicationTests" time="0.425">
    <system-out><![CDATA[21:07:28.796 [main] INFO org.springframework.test.context.support.AnnotationConfigContextLoaderUtils -- Could not detect default configuration classes for test class [com.osipalli.template.services.system.OsipalliTemplateServicesSystemApplicationTests]: OsipalliTemplateServicesSystemApplicationTests does not declare any static, non-private, non-final, nested classes annotated with @Configuration.
21:07:28.837 [main] INFO org.springframework.boot.test.context.SpringBootTestContextBootstrapper -- Found @SpringBootConfiguration com.osipalli.template.services.system.SystemApplication for test class com.osipalli.template.services.system.OsipalliTemplateServicesSystemApplicationTests
2024-11-16T21:07:29.046-06:00  WARN 10551 --- [osipalli-system] [           main] c.a.nacos.client.logging.NacosLogging    : Load Logback Configuration of Nacos fail, message: Could not initialize Logback Nacos logging from classpath:nacos-logback.xml
2024-11-16T21:07:29.070-06:00  WARN 10551 --- [osipalli-system] [           main] c.a.nacos.client.logging.NacosLogging    : Load Logback Configuration of Nacos fail, message: Could not initialize Logback Nacos logging from classpath:nacos-logback.xml
2024-11-16T21:07:29.178-06:00  WARN 10551 --- [osipalli-system] [           main] c.a.nacos.client.logging.NacosLogging    : Load Logback Configuration of Nacos fail, message: Could not initialize Logback Nacos logging from classpath:nacos-logback.xml
2024-11-16T21:07:29.179-06:00  INFO 10551 --- [osipalli-system] [           main] c.alibaba.nacos.client.utils.ParamUtil   : [settings] [req-serv] nacos-server port:8848
2024-11-16T21:07:29.179-06:00  INFO 10551 --- [osipalli-system] [           main] c.alibaba.nacos.client.utils.ParamUtil   : [settings] [http-client] connect timeout:1000
2024-11-16T21:07:29.179-06:00  INFO 10551 --- [osipalli-system] [           main] c.alibaba.nacos.client.utils.ParamUtil   : PER_TASK_CONFIG_SIZE: 3000.0
2024-11-16T21:07:29.191-06:00  INFO 10551 --- [osipalli-system] [           main] c.a.n.p.a.s.c.ClientAuthPluginManager    : [ClientAuthPluginManager] Load ClientAuthService com.alibaba.nacos.client.auth.impl.NacosClientAuthServiceImpl success.
2024-11-16T21:07:29.191-06:00  INFO 10551 --- [osipalli-system] [           main] c.a.n.p.a.s.c.ClientAuthPluginManager    : [ClientAuthPluginManager] Load ClientAuthService com.alibaba.nacos.client.auth.ram.RamClientAuthServiceImpl success.
2024-11-16T21:07:29.213-06:00  INFO 10551 --- [osipalli-system] [           main] c.a.n.c.a.r.identify.CredentialWatcher   : null No credential found
2024-11-16T21:07:29.255-06:00  WARN 10551 --- [osipalli-system] [           main] c.a.nacos.client.logging.NacosLogging    : Load Logback Configuration of Nacos fail, message: Could not initialize Logback Nacos logging from classpath:nacos-logback.xml

  .   ____          _            __ _ _
 /\\ / ___'_ __ _ _(_)_ __  __ _ \ \ \ \
( ( )\___ | '_ | '_| | '_ \/ _` | \ \ \ \
 \\/  ___)| |_)| | | | | || (_| |  ) ) ) )
  '  |____| .__|_| |_|_| |_\__, | / / / /
 =========|_|==============|___/=/_/_/_/

 :: Spring Boot ::                (v3.3.5)

2024-11-16T21:07:29.260-06:00  INFO 10551 --- [osipalli-system] [           main] c.a.n.c.c.impl.LocalConfigInfoProcessor  : LOCAL_SNAPSHOT_PATH:/Users/premkamalosipalli/nacos/config
2024-11-16T21:07:29.262-06:00  INFO 10551 --- [osipalli-system] [           main] com.alibaba.nacos.common.remote.client   : [RpcClientFactory] create a new rpc client of 75c94a34-d299-4048-ad1b-758280b66746_config-0
2024-11-16T21:07:29.270-06:00  INFO 10551 --- [osipalli-system] [           main] com.alibaba.nacos.common.remote.client   : [75c94a34-d299-4048-ad1b-758280b66746_config-0] Register server push request handler:com.alibaba.nacos.client.config.impl.ClientWorker$ConfigRpcTransportClient$$Lambda$855/0x0000009801346310
2024-11-16T21:07:29.270-06:00  INFO 10551 --- [osipalli-system] [           main] com.alibaba.nacos.common.remote.client   : [75c94a34-d299-4048-ad1b-758280b66746_config-0] Register server push request handler:com.alibaba.nacos.client.config.impl.ClientWorker$ConfigRpcTransportClient$$Lambda$856/0x0000009801346740
2024-11-16T21:07:29.271-06:00  INFO 10551 --- [osipalli-system] [           main] com.alibaba.nacos.common.remote.client   : [75c94a34-d299-4048-ad1b-758280b66746_config-0] Registry connection listener to current client:com.alibaba.nacos.client.config.impl.ClientWorker$ConfigRpcTransportClient$1
2024-11-16T21:07:29.271-06:00  INFO 10551 --- [osipalli-system] [           main] com.alibaba.nacos.common.remote.client   : [75c94a34-d299-4048-ad1b-758280b66746_config-0] RpcClient init, ServerListFactory = com.alibaba.nacos.client.config.impl.ClientWorker$ConfigRpcTransportClient$2
2024-11-16T21:07:29.274-06:00  INFO 10551 --- [osipalli-system] [           main] com.alibaba.nacos.common.remote.client   : [75c94a34-d299-4048-ad1b-758280b66746_config-0] Try to connect to server on start up, server: {serverIp = '127.0.0.1', server main port = 8848}
2024-11-16T21:07:29.290-06:00  INFO 10551 --- [osipalli-system] [           main] c.a.n.c.remote.client.grpc.GrpcClient    : grpc client connection server:127.0.0.1 ip,serverPort:9848,grpcTslConfig:{"sslProvider":"OPENSSL","enableTls":false,"mutualAuthEnable":false,"trustAll":false}
2024-11-16T21:07:29.618-06:00  INFO 10551 --- [osipalli-system] [           main] com.alibaba.nacos.common.remote.client   : [75c94a34-d299-4048-ad1b-758280b66746_config-0] Success to connect to server [127.0.0.1:8848] on start up, connectionId = 1731812849484_127.0.0.1_60022
2024-11-16T21:07:29.619-06:00  INFO 10551 --- [osipalli-system] [t.remote.worker] com.alibaba.nacos.common.remote.client   : [75c94a34-d299-4048-ad1b-758280b66746_config-0] Notify connected event to listeners.
2024-11-16T21:07:29.619-06:00  INFO 10551 --- [osipalli-system] [           main] com.alibaba.nacos.common.remote.client   : [75c94a34-d299-4048-ad1b-758280b66746_config-0] Register server push request handler:com.alibaba.nacos.common.remote.client.RpcClient$ConnectResetRequestHandler
2024-11-16T21:07:29.619-06:00  INFO 10551 --- [osipalli-system] [t.remote.worker] c.a.n.client.config.impl.ClientWorker    : [75c94a34-d299-4048-ad1b-758280b66746_config-0] Connected,notify listen context...
2024-11-16T21:07:29.619-06:00  INFO 10551 --- [osipalli-system] [           main] com.alibaba.nacos.common.remote.client   : [75c94a34-d299-4048-ad1b-758280b66746_config-0] Register server push request handler:com.alibaba.nacos.common.remote.client.RpcClient$$Lambda$869/0x00000098014bd0b8
2024-11-16T21:07:29.640-06:00  INFO 10551 --- [osipalli-system] [           main] c.a.nacos.client.config.impl.Limiter     : limitTime:5.0
2024-11-16T21:07:29.664-06:00  INFO 10551 --- [osipalli-system] [           main] c.a.nacos.client.config.utils.JvmUtil    : isMultiInstance:false
2024-11-16T21:07:29.676-06:00  WARN 10551 --- [osipalli-system] [           main] c.a.c.n.c.NacosPropertySourceBuilder     : Ignore the empty nacos configuration and get it based on dataId[osipalli-system] & group[dev]
2024-11-16T21:07:29.691-06:00  INFO 10551 --- [osipalli-system] [           main] b.c.PropertySourceBootstrapConfiguration : Located property source: [BootstrapPropertySource {name='bootstrapProperties-osipalli-system.yml,dev'}, BootstrapPropertySource {name='bootstrapProperties-osipalli-system,dev'}, BootstrapPropertySource {name='bootstrapProperties-osipalli-common-config.yml,dev'}]
2024-11-16T21:07:29.700-06:00  WARN 10551 --- [osipalli-system] [           main] c.a.nacos.client.logging.NacosLogging    : Load Logback Configuration of Nacos fail, message: Could not initialize Logback Nacos logging from classpath:nacos-logback.xml
2024-11-16T21:07:29.700-06:00  INFO 10551 --- [osipalli-system] [           main] liTemplateServicesSystemApplicationTests : No active profile set, falling back to 1 default profile: "default"
2024-11-16T21:07:29.952-06:00  INFO 10551 --- [osipalli-system] [           main] o.s.cloud.context.scope.GenericScope     : BeanFactory id=059989b3-96ad-3c85-ba52-9769bdf79db7
2024-11-16T21:07:30.288-06:00  INFO 10551 --- [osipalli-system] [           main] liTemplateServicesSystemApplicationTests : Started OsipalliTemplateServicesSystemApplicationTests in 1.4 seconds (process running for 1.801)
2024-11-16T21:07:30.290-06:00  INFO 10551 --- [osipalli-system] [           main] c.a.nacos.client.config.impl.CacheData   : nacos.cache.data.init.snapshot = true 
2024-11-16T21:07:30.290-06:00  INFO 10551 --- [osipalli-system] [           main] c.a.n.client.config.impl.ClientWorker    : [fixed-127.0.0.1_8848] [subscribe] osipalli-system+dev
2024-11-16T21:07:30.293-06:00  INFO 10551 --- [osipalli-system] [           main] c.a.nacos.client.config.impl.CacheData   : [fixed-127.0.0.1_8848] [add-listener] ok, tenant=, dataId=osipalli-system, group=dev, cnt=1
2024-11-16T21:07:30.293-06:00  INFO 10551 --- [osipalli-system] [           main] c.a.c.n.refresh.NacosContextRefresher    : [Nacos Config] Listening config: dataId=osipalli-system, group=dev
2024-11-16T21:07:30.293-06:00  INFO 10551 --- [osipalli-system] [           main] c.a.n.client.config.impl.ClientWorker    : [fixed-127.0.0.1_8848] [subscribe] osipalli-common-config.yml+dev
2024-11-16T21:07:30.293-06:00  INFO 10551 --- [osipalli-system] [           main] c.a.nacos.client.config.impl.CacheData   : [fixed-127.0.0.1_8848] [add-listener] ok, tenant=, dataId=osipalli-common-config.yml, group=dev, cnt=1
2024-11-16T21:07:30.294-06:00  INFO 10551 --- [osipalli-system] [           main] c.a.c.n.refresh.NacosContextRefresher    : [Nacos Config] Listening config: dataId=osipalli-common-config.yml, group=dev
2024-11-16T21:07:30.294-06:00  INFO 10551 --- [osipalli-system] [           main] c.a.n.client.config.impl.ClientWorker    : [fixed-127.0.0.1_8848] [subscribe] osipalli-system.yml+dev
2024-11-16T21:07:30.294-06:00  INFO 10551 --- [osipalli-system] [           main] c.a.nacos.client.config.impl.CacheData   : [fixed-127.0.0.1_8848] [add-listener] ok, tenant=, dataId=osipalli-system.yml, group=dev, cnt=1
2024-11-16T21:07:30.294-06:00  INFO 10551 --- [osipalli-system] [           main] c.a.c.n.refresh.NacosContextRefresher    : [Nacos Config] Listening config: dataId=osipalli-system.yml, group=dev
]]></system-out>
  </testcase>
</testsuite>